Using pre-set license
Built from '2020.3/staging' branch; Version is '2020.3.0f1 (c7b5465681fb) revision 13088070'; Using compiler version '192528614'; Build Type 'Release'
OS: 'Windows 10 Home; OS build 19042.1052; Version 2009; 64bit' Language: 'es' Physical Memory: 16332 MB
BatchMode: 1, IsHumanControllingUs: 0, StartBugReporterOnCrash: 0, Is64bit: 1, IsPro: 0

 COMMAND LINE ARGUMENTS:
C:\Program Files\Unity\Hub\Editor\2020.3.0f1\Editor\Unity.exe
-adb2
-batchMode
-noUpm
-name
AssetImportWorker0
-projectPath
D:/trabajos en Unity/Examen preAlfa
-logFile
Logs/AssetImportWorker0.log
-srvPort
59706
Successfully changed project path to: D:/trabajos en Unity/Examen preAlfa
D:/trabajos en Unity/Examen preAlfa
Using Asset Import Pipeline V2.
Refreshing native plugins compatible for Editor in 22.90 ms, found 0 plugins.
Preloading 0 native plugins for Editor in 0.00 ms.
Initialize engine version: 2020.3.0f1 (c7b5465681fb)
[Subsystems] Discovering subsystems at path C:/Program Files/Unity/Hub/Editor/2020.3.0f1/Editor/Data/Resources/UnitySubsystems
[Subsystems] Discovering subsystems at path D:/trabajos en Unity/Examen preAlfa/Assets
GfxDevice: creating device client; threaded=0
Direct3D:
    Version:  Direct3D 11.0 [level 11.1]
    Renderer: Radeon 550 Series (ID=0x699f)
    Vendor:   
    VRAM:     2029 MB
    Driver:   26.20.11016.1
Initialize mono
Mono path[0] = 'C:/Program Files/Unity/Hub/Editor/2020.3.0f1/Editor/Data/Managed'
Mono path[1] = 'C:/Program Files/Unity/Hub/Editor/2020.3.0f1/Editor/Data/MonoBleedingEdge/lib/mono/unityjit'
Mono config path = 'C:/Program Files/Unity/Hub/Editor/2020.3.0f1/Editor/Data/MonoBleedingEdge/etc'
Using monoOptions --debugger-agent=transport=dt_socket,embedding=1,server=y,suspend=n,address=127.0.0.1:56796
Begin MonoManager ReloadAssembly
Registering precompiled unity dll's ...
Register platform support module: C:/Program Files/Unity/Hub/Editor/2020.3.0f1/Editor/Data/PlaybackEngines/WindowsStandaloneSupport/UnityEditor.WindowsStandalone.Extensions.dll
Registered in 0.003228 seconds.
Native extension for WindowsStandalone target not found
Refreshing native plugins compatible for Editor in 28.96 ms, found 0 plugins.
Preloading 0 native plugins for Editor in 0.00 ms.
Invoked RoslynAnalysisRunner static constructor.
RoslynAnalysisRunner will not be running.
RoslynAnalysisRunner has terminated.
Mono: successfully reloaded assembly
- Completed reload, in  2.317 seconds
Platform modules already initialized, skipping
Registering precompiled user dll's ...
Registered in 0.000817 seconds.
Begin MonoManager ReloadAssembly
Native extension for WindowsStandalone target not found
Refreshing native plugins compatible for Editor in 0.23 ms, found 0 plugins.
Preloading 0 native plugins for Editor in 0.00 ms.
Invoked RoslynAnalysisRunner static constructor.
RoslynAnalysisRunner will not be running.
RoslynAnalysisRunner has terminated.
Mono: successfully reloaded assembly
- Completed reload, in  0.929 seconds
Platform modules already initialized, skipping
========================================================================
Worker process is ready to serve import requests
Launched and connected shader compiler UnityShaderCompiler.exe after 0.05 seconds
Refreshing native plugins compatible for Editor in 0.21 ms, found 0 plugins.
Preloading 0 native plugins for Editor in 0.00 ms.
Unloading 1119 Unused Serialized files (Serialized files now loaded: 0)
System memory in use before: 57.1 MB.
System memory in use after: 57.2 MB.

Unloading 10 unused Assets to reduce memory usage. Loaded Objects now: 1561.
Total: 1.994200 ms (FindLiveObjects: 0.235300 ms CreateObjectMapping: 0.052200 ms MarkObjects: 1.617400 ms  DeleteObjects: 0.087300 ms)

========================================================================
Received Import Request.
  path: Assets/Scripts/Gun.cs
  artifactKey: Guid(b26eaccd2315c8c46a3913a5a56abf08) Importer(815301076,1909f56bfc062723c751e8b465ee728b)
Start importing Assets/Scripts/Gun.cs using Guid(b26eaccd2315c8c46a3913a5a56abf08) Importer(815301076,1909f56bfc062723c751e8b465ee728b)  -> (artifact id: '88c8b89a835dc16104535e780ac30d31') in 0.066984 seconds
  Import took 0.068988 seconds .

========================================================================
Received Import Request.
  Time since last request: 506.115717 seconds.
  path: Assets/Target.cs
  artifactKey: Guid(c1a1c6c98bd3b4c49b33a2848bf01248) Importer(815301076,1909f56bfc062723c751e8b465ee728b)
Start importing Assets/Target.cs using Guid(c1a1c6c98bd3b4c49b33a2848bf01248) Importer(815301076,1909f56bfc062723c751e8b465ee728b)  -> (artifact id: '5c7a603b8b6b327b4553e5460c44fb05') in 0.008233 seconds
  Import took 0.019374 seconds .

========================================================================
Received Import Request.
  Time since last request: 0.001658 seconds.
  path: Assets/Target.cs
  artifactKey: Guid(c1a1c6c98bd3b4c49b33a2848bf01248) Importer(815301076,1909f56bfc062723c751e8b465ee728b)
Start importing Assets/Target.cs using Guid(c1a1c6c98bd3b4c49b33a2848bf01248) Importer(815301076,1909f56bfc062723c751e8b465ee728b)  -> (artifact id: '5c7a603b8b6b327b4553e5460c44fb05') in 0.002404 seconds
  Import took 0.004069 seconds .

========================================================================
Received Import Request.
  Time since last request: 8.136177 seconds.
  path: Assets/Target.cs
  artifactKey: Guid(c1a1c6c98bd3b4c49b33a2848bf01248) Importer(815301076,1909f56bfc062723c751e8b465ee728b)
Start importing Assets/Target.cs using Guid(c1a1c6c98bd3b4c49b33a2848bf01248) Importer(815301076,1909f56bfc062723c751e8b465ee728b)  -> (artifact id: '80b0ca5ac7f7581e1ff6dafee0c7f09b') in 0.002436 seconds
  Import took 0.004957 seconds .

========================================================================
Received Prepare
Registering precompiled user dll's ...
Registered in 0.000751 seconds.
Begin MonoManager ReloadAssembly
Native extension for WindowsStandalone target not found
Refreshing native plugins compatible for Editor in 0.22 ms, found 0 plugins.
Preloading 0 native plugins for Editor in 0.00 ms.
Invoked RoslynAnalysisRunner static constructor.
RoslynAnalysisRunner will not be running.
RoslynAnalysisRunner has terminated.
Mono: successfully reloaded assembly
- Completed reload, in  0.845 seconds
Platform modules already initialized, skipping
Refreshing native plugins compatible for Editor in 0.22 ms, found 0 plugins.
Preloading 0 native plugins for Editor in 0.00 ms.
Unloading 1114 Unused Serialized files (Serialized files now loaded: 0)
System memory in use before: 57.1 MB.
System memory in use after: 57.2 MB.

Unloading 5 unused Assets to reduce memory usage. Loaded Objects now: 1564.
Total: 1.644600 ms (FindLiveObjects: 0.152000 ms CreateObjectMapping: 0.031500 ms MarkObjects: 1.401900 ms  DeleteObjects: 0.057800 ms)

========================================================================
Received Prepare
Registering precompiled user dll's ...
Registered in 0.000819 seconds.
Begin MonoManager ReloadAssembly
Native extension for WindowsStandalone target not found
Refreshing native plugins compatible for Editor in 0.24 ms, found 0 plugins.
Preloading 0 native plugins for Editor in 0.00 ms.
Invoked RoslynAnalysisRunner static constructor.
RoslynAnalysisRunner will not be running.
RoslynAnalysisRunner has terminated.
Mono: successfully reloaded assembly
- Completed reload, in  0.817 seconds
Platform modules already initialized, skipping
Refreshing native plugins compatible for Editor in 0.21 ms, found 0 plugins.
Preloading 0 native plugins for Editor in 0.00 ms.
Unloading 1114 Unused Serialized files (Serialized files now loaded: 0)
System memory in use before: 57.2 MB.
System memory in use after: 57.2 MB.

Unloading 5 unused Assets to reduce memory usage. Loaded Objects now: 1567.
Total: 1.840100 ms (FindLiveObjects: 0.236800 ms CreateObjectMapping: 0.031600 ms MarkObjects: 1.501900 ms  DeleteObjects: 0.068500 ms)

========================================================================
Received Prepare
Registering precompiled user dll's ...
Registered in 0.000742 seconds.
Begin MonoManager ReloadAssembly
Native extension for WindowsStandalone target not found
Refreshing native plugins compatible for Editor in 0.22 ms, found 0 plugins.
Preloading 0 native plugins for Editor in 0.00 ms.
Invoked RoslynAnalysisRunner static constructor.
RoslynAnalysisRunner will not be running.
RoslynAnalysisRunner has terminated.
Mono: successfully reloaded assembly
- Completed reload, in  0.829 seconds
Platform modules already initialized, skipping
Refreshing native plugins compatible for Editor in 0.21 ms, found 0 plugins.
Preloading 0 native plugins for Editor in 0.00 ms.
Unloading 1114 Unused Serialized files (Serialized files now loaded: 0)
System memory in use before: 57.2 MB.
System memory in use after: 57.2 MB.

Unloading 5 unused Assets to reduce memory usage. Loaded Objects now: 1570.
Total: 2.046100 ms (FindLiveObjects: 0.251900 ms CreateObjectMapping: 0.032700 ms MarkObjects: 1.702600 ms  DeleteObjects: 0.057600 ms)

========================================================================
Received Import Request.
  Time since last request: 985.550614 seconds.
  path: Assets/New Flare.flare
  artifactKey: Guid(376025c82e7c36e4caf8d499395edea4) Importer(815301076,1909f56bfc062723c751e8b465ee728b)
Start importing Assets/New Flare.flare using Guid(376025c82e7c36e4caf8d499395edea4) Importer(815301076,1909f56bfc062723c751e8b465ee728b)  -> (artifact id: '0a20c72c04ec9c0ab39323820822802d') in 0.030322 seconds
  Import took 0.041896 seconds .

========================================================================
Received Prepare
Registering precompiled user dll's ...
Registered in 0.000698 seconds.
Begin MonoManager ReloadAssembly
Native extension for WindowsStandalone target not found
Refreshing native plugins compatible for Editor in 0.24 ms, found 0 plugins.
Preloading 0 native plugins for Editor in 0.00 ms.
Invoked RoslynAnalysisRunner static constructor.
RoslynAnalysisRunner will not be running.
RoslynAnalysisRunner has terminated.
Mono: successfully reloaded assembly
- Completed reload, in  0.837 seconds
Platform modules already initialized, skipping
Refreshing native plugins compatible for Editor in 0.26 ms, found 0 plugins.
Preloading 0 native plugins for Editor in 0.00 ms.
Unloading 1114 Unused Serialized files (Serialized files now loaded: 0)
System memory in use before: 57.2 MB.
System memory in use after: 57.3 MB.

Unloading 5 unused Assets to reduce memory usage. Loaded Objects now: 1573.
Total: 1.958500 ms (FindLiveObjects: 0.185200 ms CreateObjectMapping: 0.032300 ms MarkObjects: 1.672800 ms  DeleteObjects: 0.066700 ms)

========================================================================
Received Prepare
Registering precompiled user dll's ...
Registered in 0.000754 seconds.
Begin MonoManager ReloadAssembly
Native extension for WindowsStandalone target not found
Refreshing native plugins compatible for Editor in 0.27 ms, found 0 plugins.
Preloading 0 native plugins for Editor in 0.00 ms.
Invoked RoslynAnalysisRunner static constructor.
RoslynAnalysisRunner will not be running.
RoslynAnalysisRunner has terminated.
Mono: successfully reloaded assembly
- Completed reload, in  0.819 seconds
Platform modules already initialized, skipping
Refreshing native plugins compatible for Editor in 0.22 ms, found 0 plugins.
Preloading 0 native plugins for Editor in 0.00 ms.
Unloading 1114 Unused Serialized files (Serialized files now loaded: 0)
System memory in use before: 57.2 MB.
System memory in use after: 57.3 MB.

Unloading 5 unused Assets to reduce memory usage. Loaded Objects now: 1576.
Total: 1.928800 ms (FindLiveObjects: 0.247900 ms CreateObjectMapping: 0.032500 ms MarkObjects: 1.584100 ms  DeleteObjects: 0.063000 ms)

========================================================================
Received Import Request.
  Time since last request: 323.939841 seconds.
  path: Assets/Pre-Fab/Player.prefab
  artifactKey: Guid(5ac02bf62d7e82e45884348f6e2d81ea) Importer(815301076,1909f56bfc062723c751e8b465ee728b)
Start importing Assets/Pre-Fab/Player.prefab using Guid(5ac02bf62d7e82e45884348f6e2d81ea) Importer(815301076,1909f56bfc062723c751e8b465ee728b)  -> (artifact id: 'f06ab953fdc4fee84aa550929d5965d9') in 0.108965 seconds
  Import took 0.111602 seconds .

========================================================================
Received Import Request.
  Time since last request: 2.362474 seconds.
  path: Assets/Material/DigPortal.mat
  artifactKey: Guid(345c1d5b04872e348b064749cd1d9b42) Importer(815301076,1909f56bfc062723c751e8b465ee728b)
Start importing Assets/Material/DigPortal.mat using Guid(345c1d5b04872e348b064749cd1d9b42) Importer(815301076,1909f56bfc062723c751e8b465ee728b)  -> (artifact id: '94e0bf61ad3347f46a0bdadd59861ed1') in 0.036318 seconds
  Import took 0.038358 seconds .

========================================================================
Received Import Request.
  Time since last request: 0.000166 seconds.
  path: Assets/Material/SimPortal.mat
  artifactKey: Guid(9cb7e4b375d02c744aa3c3f5126cd680) Importer(815301076,1909f56bfc062723c751e8b465ee728b)
Start importing Assets/Material/SimPortal.mat using Guid(9cb7e4b375d02c744aa3c3f5126cd680) Importer(815301076,1909f56bfc062723c751e8b465ee728b)  -> (artifact id: '8924172c41ab1f349b03e20d9f101d0d') in 0.012465 seconds
  Import took 0.014216 seconds .

========================================================================
Received Import Request.
  Time since last request: 0.000236 seconds.
  path: Assets/Material/Player.mat
  artifactKey: Guid(a5215047d681f544f97cd64a92ebf158) Importer(815301076,1909f56bfc062723c751e8b465ee728b)
Start importing Assets/Material/Player.mat using Guid(a5215047d681f544f97cd64a92ebf158) Importer(815301076,1909f56bfc062723c751e8b465ee728b)  -> (artifact id: '9669b6c7e592e28bc6a18b419476fae7') in 0.013584 seconds
  Import took 0.015721 seconds .

========================================================================
Received Import Request.
  Time since last request: 22.104106 seconds.
  path: Packages/com.unity.ext.nunit
  artifactKey: Guid(25a477c2f24db8778a4179421a32cc21) Importer(815301076,1909f56bfc062723c751e8b465ee728b)
Start importing Packages/com.unity.ext.nunit using Guid(25a477c2f24db8778a4179421a32cc21) Importer(815301076,1909f56bfc062723c751e8b465ee728b)  -> (artifact id: '8917083e3461eeafe7ca469e4a74fc33') in 0.008515 seconds
  Import took 0.010439 seconds .

========================================================================
Received Import Request.
  Time since last request: 5.313832 seconds.
  path: Packages/com.unity.ide.rider
  artifactKey: Guid(ea5aa18a49e4f29d74984ea0ea11a238) Importer(815301076,1909f56bfc062723c751e8b465ee728b)
Start importing Packages/com.unity.ide.rider using Guid(ea5aa18a49e4f29d74984ea0ea11a238) Importer(815301076,1909f56bfc062723c751e8b465ee728b)  -> (artifact id: 'a7486e3e588c99355a69f75deda10428') in 0.008318 seconds
  Import took 0.021600 seconds .

========================================================================
Received Import Request.
  Time since last request: 2.226349 seconds.
  path: Packages/com.unity.test-framework
  artifactKey: Guid(6023f2b823fc19b4e4a90875281ff117) Importer(815301076,1909f56bfc062723c751e8b465ee728b)
Start importing Packages/com.unity.test-framework using Guid(6023f2b823fc19b4e4a90875281ff117) Importer(815301076,1909f56bfc062723c751e8b465ee728b)  -> (artifact id: 'fe18088e2017ea0fa000f5128852680f') in 0.007234 seconds
  Import took 0.017633 seconds .

========================================================================
Received Import Request.
  Time since last request: 1.604132 seconds.
  path: Packages/com.unity.textmeshpro
  artifactKey: Guid(cabaa672b0e3ee91fa7b6da4daab7970) Importer(815301076,1909f56bfc062723c751e8b465ee728b)
Start importing Packages/com.unity.textmeshpro using Guid(cabaa672b0e3ee91fa7b6da4daab7970) Importer(815301076,1909f56bfc062723c751e8b465ee728b)  -> (artifact id: 'e0fc6b7a6413814fcf90a2bc72c54982') in 0.007286 seconds
  Import took 0.028958 seconds .

========================================================================
Received Import Request.
  Time since last request: 16.605788 seconds.
  path: Packages/com.unity.textmeshpro/Package Resources
  artifactKey: Guid(5ec95f4d5b2d1f14e9ff8682562553f9) Importer(815301076,1909f56bfc062723c751e8b465ee728b)
Start importing Packages/com.unity.textmeshpro/Package Resources using Guid(5ec95f4d5b2d1f14e9ff8682562553f9) Importer(815301076,1909f56bfc062723c751e8b465ee728b)  -> (artifact id: '8000885ea1b22ca45cada3567fc7162d') in 0.008293 seconds
  Import took 0.010629 seconds .

========================================================================
Received Import Request.
  Time since last request: 0.003304 seconds.
  path: Packages/com.unity.textmeshpro/Package Resources
  artifactKey: Guid(5ec95f4d5b2d1f14e9ff8682562553f9) Importer(815301076,1909f56bfc062723c751e8b465ee728b)
Start importing Packages/com.unity.textmeshpro/Package Resources using Guid(5ec95f4d5b2d1f14e9ff8682562553f9) Importer(815301076,1909f56bfc062723c751e8b465ee728b)  -> (artifact id: '8000885ea1b22ca45cada3567fc7162d') in 0.002440 seconds
  Import took 0.004406 seconds .

========================================================================
Received Import Request.
  Time since last request: 14.535531 seconds.
  path: Packages/com.unity.timeline
  artifactKey: Guid(a4610cf559d77b9f256416d9ccaeac55) Importer(815301076,1909f56bfc062723c751e8b465ee728b)
Start importing Packages/com.unity.timeline using Guid(a4610cf559d77b9f256416d9ccaeac55) Importer(815301076,1909f56bfc062723c751e8b465ee728b)  -> (artifact id: '1480e27dda673c051f16cd7230addf5f') in 0.006855 seconds
  Import took 0.017299 seconds .

========================================================================
Received Import Request.
  Time since last request: 3.092749 seconds.
  path: Packages/com.unity.collab-proxy
  artifactKey: Guid(1adad61bfb44214ee3e887b5febc4396) Importer(815301076,1909f56bfc062723c751e8b465ee728b)
Start importing Packages/com.unity.collab-proxy using Guid(1adad61bfb44214ee3e887b5febc4396) Importer(815301076,1909f56bfc062723c751e8b465ee728b)  -> (artifact id: 'b19b0db24d65f5912a42389f92f41f9e') in 0.007100 seconds
  Import took 0.009714 seconds .

========================================================================
Received Import Request.
  Time since last request: 0.004049 seconds.
  path: Packages/com.unity.collab-proxy
  artifactKey: Guid(1adad61bfb44214ee3e887b5febc4396) Importer(815301076,1909f56bfc062723c751e8b465ee728b)
Start importing Packages/com.unity.collab-proxy using Guid(1adad61bfb44214ee3e887b5febc4396) Importer(815301076,1909f56bfc062723c751e8b465ee728b)  -> (artifact id: 'b19b0db24d65f5912a42389f92f41f9e') in 0.002368 seconds
  Import took 0.004340 seconds .

========================================================================
Received Import Request.
  Time since last request: 2.830709 seconds.
  path: Packages/com.unity.ugui
  artifactKey: Guid(8f7652e09069a1943278893d4264401e) Importer(815301076,1909f56bfc062723c751e8b465ee728b)
Start importing Packages/com.unity.ugui using Guid(8f7652e09069a1943278893d4264401e) Importer(815301076,1909f56bfc062723c751e8b465ee728b)  -> (artifact id: 'c6421d84b259b4f59586faa4d8da16bd') in 0.009214 seconds
  Import took 0.011664 seconds .

========================================================================
Received Import Request.
  Time since last request: 0.002746 seconds.
  path: Packages/com.unity.ugui
  artifactKey: Guid(8f7652e09069a1943278893d4264401e) Importer(815301076,1909f56bfc062723c751e8b465ee728b)
Start importing Packages/com.unity.ugui using Guid(8f7652e09069a1943278893d4264401e) Importer(815301076,1909f56bfc062723c751e8b465ee728b)  -> (artifact id: 'c6421d84b259b4f59586faa4d8da16bd') in 0.002731 seconds
  Import took 0.005013 seconds .

========================================================================
Received Import Request.
  Time since last request: 2.027332 seconds.
  path: Packages/com.unity.ide.vscode
  artifactKey: Guid(1c61a04a5b7737c4d16673d64be4194e) Importer(815301076,1909f56bfc062723c751e8b465ee728b)
Start importing Packages/com.unity.ide.vscode using Guid(1c61a04a5b7737c4d16673d64be4194e) Importer(815301076,1909f56bfc062723c751e8b465ee728b)  -> (artifact id: '2132f6ccd583de0605e40d9a39f26e9c') in 0.007351 seconds
  Import took 0.032202 seconds .

========================================================================
Received Import Request.
  Time since last request: 1.836526 seconds.
  path: Packages/com.unity.ide.visualstudio
  artifactKey: Guid(9db636ca49aa246019dd93b7c8b689f4) Importer(815301076,1909f56bfc062723c751e8b465ee728b)
Start importing Packages/com.unity.ide.visualstudio using Guid(9db636ca49aa246019dd93b7c8b689f4) Importer(815301076,1909f56bfc062723c751e8b465ee728b)  -> (artifact id: '40dcf2de4826b4469fdbd1e2ddf0352b') in 0.007022 seconds
  Import took 0.022466 seconds .

AssetImportWorkerClient::OnTransportError - code=2 error=End of file
